<?xml version="1.0" encoding="UTF-8"?>
<testsuite xmlns:xsi="http://www.w3.org/2001/XMLSchema-instance" xsi:noNamespaceSchemaLocation="https://maven.apache.org/surefire/maven-surefire-plugin/xsd/surefire-test-report-3.0.xsd" version="3.0" name="TestRunner.TestRunner" time="65.104" tests="8" errors="0" skipped="0" failures="0">
  <properties>
[...]
</properties>
  <testcase name="User want to Click Make Appointment #1" classname="Check Appointment CURA" time="9.191">
    <system-out><![CDATA[
Scenario: User want to Click Make Appointment                                          &amp#27;[90m# src/test/resources/Features/appointment.feature:3&amp#27;[0m
🚀 Browser: chromium
🖥️ OS: Windows 11 10.0 (amd64)
  &amp#27;[32mGiven &amp#27;[0m&amp#27;[32mUser Open website CURA Healthcare with browser&amp#27;[0m                                 &amp#27;[90m# StepDef.loginCURA.userOpenWebsiteCURAHealthcareWithBrowser()&amp#27;[0m

    Embedding Login Page [image/png 409778 bytes]

  &amp#27;[32mWhen &amp#27;[0m&amp#27;[32mUser input username &amp#27;[0m&amp#27;[32m&amp#27;[1m"John Doe"&amp#27;[0m&amp#27;[32m, password &amp#27;[0m&amp#27;[32m&amp#27;[1m"ThisIsNotAPassword"&amp#27;[0m&amp#27;[32m and Click Sign In&amp#27;[0m &amp#27;[90m# StepDef.loginCURA.userInputUsernamePasswordAndClickSignIn(java.lang.String,java.lang.String)&amp#27;[0m
Make Appointment
  &amp#27;[32mThen &amp#27;[0m&amp#27;[32mUser verify Homepage&amp#27;[0m                                                            &amp#27;[90m# StepDef.loginCURA.userVerifyHomepage()&amp#27;[0m
  &amp#27;[32mAnd &amp#27;[0m&amp#27;[32mUser Click Appointment&amp#27;[0m                                                           &amp#27;[90m# StepDef.loginCURA.userClickAppointment()&amp#27;[0m

    Embedding Passed Screenshot [image/png 1247211 bytes]

Screenshot diambil untuk skenario sukses: User want to Click Make Appointment
]]></system-out>
  </testcase>
  <testcase name="User want to Click Make Appointment #2" classname="Check Appointment CURA" time="6.761">
    <system-out><![CDATA[
Scenario: User want to Click Make Appointment                                          &amp#27;[90m# src/test/resources/Features/appointment.feature:9&amp#27;[0m
🚀 Browser: chromium
🖥️ OS: Windows 11 10.0 (amd64)
  &amp#27;[32mGiven &amp#27;[0m&amp#27;[32mUser Open website CURA Healthcare with browser&amp#27;[0m                                 &amp#27;[90m# StepDef.loginCURA.userOpenWebsiteCURAHealthcareWithBrowser()&amp#27;[0m

    Embedding Login Page [image/png 409769 bytes]

  &amp#27;[32mWhen &amp#27;[0m&amp#27;[32mUser input username &amp#27;[0m&amp#27;[32m&amp#27;[1m"John Doe"&amp#27;[0m&amp#27;[32m, password &amp#27;[0m&amp#27;[32m&amp#27;[1m"ThisIsNotAPassword"&amp#27;[0m&amp#27;[32m and Click Sign In&amp#27;[0m &amp#27;[90m# StepDef.loginCURA.userInputUsernamePasswordAndClickSignIn(java.lang.String,java.lang.String)&amp#27;[0m
Make Appointment
  &amp#27;[32mThen &amp#27;[0m&amp#27;[32mUser verify Homepage&amp#27;[0m                                                            &amp#27;[90m# StepDef.loginCURA.userVerifyHomepage()&amp#27;[0m
  &amp#27;[32mAnd &amp#27;[0m&amp#27;[32mUser Go To Make Appointment&amp#27;[0m                                                      &amp#27;[90m# StepDef.loginCURA.userGoToMakeAppointment()&amp#27;[0m

    Embedding Passed Screenshot [image/png 1247763 bytes]

Screenshot diambil untuk skenario sukses: User want to Click Make Appointment
]]></system-out>
  </testcase>
  <testcase name="User want to Appointment Success All Field #1" classname="Check Appointment CURA" time="8.825">
    <system-out><![CDATA[
Scenario Outline: User want to Appointment Success All Field                              &amp#27;[90m# src/test/resources/Features/appointment.feature:22&amp#27;[0m
🚀 Browser: chromium
🖥️ OS: Windows 11 10.0 (amd64)
  &amp#27;[32mGiven &amp#27;[0m&amp#27;[32mUser Open website CURA Healthcare with browser&amp#27;[0m                                    &amp#27;[90m# StepDef.loginCURA.userOpenWebsiteCURAHealthcareWithBrowser()&amp#27;[0m

    Embedding Login Page [image/png 409769 bytes]

  &amp#27;[32mWhen &amp#27;[0m&amp#27;[32mUser input username &amp#27;[0m&amp#27;[32m&amp#27;[1m"John Doe"&amp#27;[0m&amp#27;[32m, password &amp#27;[0m&amp#27;[32m&amp#27;[1m"ThisIsNotAPassword"&amp#27;[0m&amp#27;[32m and Click Sign In&amp#27;[0m    &amp#27;[90m# StepDef.loginCURA.userInputUsernamePasswordAndClickSignIn(java.lang.String,java.lang.String)&amp#27;[0m
Make Appointment

    Embedding Fill The Data [image/png 337838 bytes]


    Embedding Fill The Data [image/png 339544 bytes]

  &amp#27;[32mAnd &amp#27;[0m&amp#27;[32mUser fill the Data &amp#27;[0m&amp#27;[32m&amp#27;[1m"Tokyo"&amp#27;[0m&amp#27;[32m, &amp#27;[0m&amp#27;[32m&amp#27;[1m"Medicare"&amp#27;[0m&amp#27;[32m, &amp#27;[0m&amp#27;[32m&amp#27;[1m"20/12/2025"&amp#27;[0m&amp#27;[32m, &amp#27;[0m&amp#27;[32m&amp#27;[1m"Thank You"&amp#27;[0m&amp#27;[32m about Appointment&amp#27;[0m &amp#27;[90m# StepDef.loginCURA.userFillTheDataAboutAppointment(java.lang.String,java.lang.String,java.lang.String,java.lang.String)&amp#27;[0m
Appointment Confirmation

Please be informed that your appointment has been booked as following:

Facility

Tokyo CURA Healthcare Center

Apply for hospital readmission

Yes

Healthcare Program

Medicare

Visit Date

20/12/2025

Comment

Thank You

Go to Homepage

    Embedding Appointment Confirmation [image/png 449737 bytes]

  &amp#27;[32mThen &amp#27;[0m&amp#27;[32mUser verify Appointment&amp#27;[0m                                                            &amp#27;[90m# StepDef.loginCURA.userVerifyAppointment()&amp#27;[0m

    Embedding Passed Screenshot [image/png 1249297 bytes]

Screenshot diambil untuk skenario sukses: User want to Appointment Success All Field
]]></system-out>
  </testcase>
  <testcase name="User want to Appointment Success All Field #2" classname="Check Appointment CURA" time="8.493">
    <system-out><![CDATA[
Scenario Outline: User want to Appointment Success All Field                             &amp#27;[90m# src/test/resources/Features/appointment.feature:23&amp#27;[0m
🚀 Browser: chromium
🖥️ OS: Windows 11 10.0 (amd64)
  &amp#27;[32mGiven &amp#27;[0m&amp#27;[32mUser Open website CURA Healthcare with browser&amp#27;[0m                                   &amp#27;[90m# StepDef.loginCURA.userOpenWebsiteCURAHealthcareWithBrowser()&amp#27;[0m

    Embedding Login Page [image/png 409762 bytes]

  &amp#27;[32mWhen &amp#27;[0m&amp#27;[32mUser input username &amp#27;[0m&amp#27;[32m&amp#27;[1m"John Doe"&amp#27;[0m&amp#27;[32m, password &amp#27;[0m&amp#27;[32m&amp#27;[1m"ThisIsNotAPassword"&amp#27;[0m&amp#27;[32m and Click Sign In&amp#27;[0m   &amp#27;[90m# StepDef.loginCURA.userInputUsernamePasswordAndClickSignIn(java.lang.String,java.lang.String)&amp#27;[0m
Make Appointment

    Embedding Fill The Data [image/png 337971 bytes]


    Embedding Fill The Data [image/png 339619 bytes]

  &amp#27;[32mAnd &amp#27;[0m&amp#27;[32mUser fill the Data &amp#27;[0m&amp#27;[32m&amp#27;[1m"Hongkong"&amp#27;[0m&amp#27;[32m, &amp#27;[0m&amp#27;[32m&amp#27;[1m"Medicaid"&amp#27;[0m&amp#27;[32m, &amp#27;[0m&amp#27;[32m&amp#27;[1m"20/03/2025"&amp#27;[0m&amp#27;[32m, &amp#27;[0m&amp#27;[32m&amp#27;[1m"Danke"&amp#27;[0m&amp#27;[32m about Appointment&amp#27;[0m &amp#27;[90m# StepDef.loginCURA.userFillTheDataAboutAppointment(java.lang.String,java.lang.String,java.lang.String,java.lang.String)&amp#27;[0m
Appointment Confirmation

Please be informed that your appointment has been booked as following:

Facility

Hongkong CURA Healthcare Center

Apply for hospital readmission

Yes

Healthcare Program

Medicaid

Visit Date

20/03/2025

Comment

Danke

Go to Homepage

    Embedding Appointment Confirmation [image/png 449783 bytes]

  &amp#27;[32mThen &amp#27;[0m&amp#27;[32mUser verify Appointment&amp#27;[0m                                                           &amp#27;[90m# StepDef.loginCURA.userVerifyAppointment()&amp#27;[0m

    Embedding Passed Screenshot [image/png 1249301 bytes]

Screenshot diambil untuk skenario sukses: User want to Appointment Success All Field
]]></system-out>
  </testcase>
  <testcase name="User want to Appointment Success All Field #3" classname="Check Appointment CURA" time="8.788">
    <system-out><![CDATA[
Scenario Outline: User want to Appointment Success All Field                            &amp#27;[90m# src/test/resources/Features/appointment.feature:24&amp#27;[0m
🚀 Browser: chromium
🖥️ OS: Windows 11 10.0 (amd64)
  &amp#27;[32mGiven &amp#27;[0m&amp#27;[32mUser Open website CURA Healthcare with browser&amp#27;[0m                                  &amp#27;[90m# StepDef.loginCURA.userOpenWebsiteCURAHealthcareWithBrowser()&amp#27;[0m

    Embedding Login Page [image/png 409775 bytes]

  &amp#27;[32mWhen &amp#27;[0m&amp#27;[32mUser input username &amp#27;[0m&amp#27;[32m&amp#27;[1m"John Doe"&amp#27;[0m&amp#27;[32m, password &amp#27;[0m&amp#27;[32m&amp#27;[1m"ThisIsNotAPassword"&amp#27;[0m&amp#27;[32m and Click Sign In&amp#27;[0m  &amp#27;[90m# StepDef.loginCURA.userInputUsernamePasswordAndClickSignIn(java.lang.String,java.lang.String)&amp#27;[0m
Make Appointment

    Embedding Fill The Data [image/png 337856 bytes]


    Embedding Fill The Data [image/png 339663 bytes]

  &amp#27;[32mAnd &amp#27;[0m&amp#27;[32mUser fill the Data &amp#27;[0m&amp#27;[32m&amp#27;[1m"Seoul"&amp#27;[0m&amp#27;[32m, &amp#27;[0m&amp#27;[32m&amp#27;[1m"None"&amp#27;[0m&amp#27;[32m, &amp#27;[0m&amp#27;[32m&amp#27;[1m"23/03/2025"&amp#27;[0m&amp#27;[32m, &amp#27;[0m&amp#27;[32m&amp#27;[1m"Terimakasih"&amp#27;[0m&amp#27;[32m about Appointment&amp#27;[0m &amp#27;[90m# StepDef.loginCURA.userFillTheDataAboutAppointment(java.lang.String,java.lang.String,java.lang.String,java.lang.String)&amp#27;[0m
Appointment Confirmation

Please be informed that your appointment has been booked as following:

Facility

Seoul CURA Healthcare Center

Apply for hospital readmission

Yes

Healthcare Program

None

Visit Date

23/03/2025

Comment

Terimakasih

Go to Homepage

    Embedding Appointment Confirmation [image/png 449715 bytes]

  &amp#27;[32mThen &amp#27;[0m&amp#27;[32mUser verify Appointment&amp#27;[0m                                                          &amp#27;[90m# StepDef.loginCURA.userVerifyAppointment()&amp#27;[0m

    Embedding Passed Screenshot [image/png 1249367 bytes]

Screenshot diambil untuk skenario sukses: User want to Appointment Success All Field
]]></system-out>
  </testcase>
  <testcase name="User want to Appointment Success All Field #4" classname="Check Appointment CURA" time="8.771">
    <system-out><![CDATA[
Scenario Outline: User want to Appointment Success All Field                                  &amp#27;[90m# src/test/resources/Features/appointment.feature:25&amp#27;[0m
🚀 Browser: chromium
🖥️ OS: Windows 11 10.0 (amd64)
  &amp#27;[32mGiven &amp#27;[0m&amp#27;[32mUser Open website CURA Healthcare with browser&amp#27;[0m                                        &amp#27;[90m# StepDef.loginCURA.userOpenWebsiteCURAHealthcareWithBrowser()&amp#27;[0m

    Embedding Login Page [image/png 409776 bytes]

  &amp#27;[32mWhen &amp#27;[0m&amp#27;[32mUser input username &amp#27;[0m&amp#27;[32m&amp#27;[1m"John Doe"&amp#27;[0m&amp#27;[32m, password &amp#27;[0m&amp#27;[32m&amp#27;[1m"ThisIsNotAPassword"&amp#27;[0m&amp#27;[32m and Click Sign In&amp#27;[0m        &amp#27;[90m# StepDef.loginCURA.userInputUsernamePasswordAndClickSignIn(java.lang.String,java.lang.String)&amp#27;[0m
Make Appointment

    Embedding Fill The Data [image/png 337897 bytes]


    Embedding Fill The Data [image/png 339669 bytes]

  &amp#27;[32mAnd &amp#27;[0m&amp#27;[32mUser fill the Data &amp#27;[0m&amp#27;[32m&amp#27;[1m"Hongkong"&amp#27;[0m&amp#27;[32m, &amp#27;[0m&amp#27;[32m&amp#27;[1m"Medicare"&amp#27;[0m&amp#27;[32m, &amp#27;[0m&amp#27;[32m&amp#27;[1m"29/03/2025"&amp#27;[0m&amp#27;[32m, &amp#27;[0m&amp#27;[32m&amp#27;[1m"Matursuwun"&amp#27;[0m&amp#27;[32m about Appointment&amp#27;[0m &amp#27;[90m# StepDef.loginCURA.userFillTheDataAboutAppointment(java.lang.String,java.lang.String,java.lang.String,java.lang.String)&amp#27;[0m
Appointment Confirmation

Please be informed that your appointment has been booked as following:

Facility

Hongkong CURA Healthcare Center

Apply for hospital readmission

Yes

Healthcare Program

Medicare

Visit Date

29/03/2025

Comment

Matursuwun

Go to Homepage

    Embedding Appointment Confirmation [image/png 449864 bytes]

  &amp#27;[32mThen &amp#27;[0m&amp#27;[32mUser verify Appointment&amp#27;[0m                                                                &amp#27;[90m# StepDef.loginCURA.userVerifyAppointment()&amp#27;[0m

    Embedding Passed Screenshot [image/png 1249829 bytes]

Screenshot diambil untuk skenario sukses: User want to Appointment Success All Field
]]></system-out>
  </testcase>
  <testcase name="User want to Appointment Success Required Field" classname="Check Appointment CURA" time="7.775">
    <system-out><![CDATA[
Scenario: User want to Appointment Success Required Field                              &amp#27;[90m# src/test/resources/Features/appointment.feature:27&amp#27;[0m
🚀 Browser: chromium
🖥️ OS: Windows 11 10.0 (amd64)
  &amp#27;[32mGiven &amp#27;[0m&amp#27;[32mUser Open website CURA Healthcare with browser&amp#27;[0m                                 &amp#27;[90m# StepDef.loginCURA.userOpenWebsiteCURAHealthcareWithBrowser()&amp#27;[0m

    Embedding Login Page [image/png 409769 bytes]

  &amp#27;[32mWhen &amp#27;[0m&amp#27;[32mUser input username &amp#27;[0m&amp#27;[32m&amp#27;[1m"John Doe"&amp#27;[0m&amp#27;[32m, password &amp#27;[0m&amp#27;[32m&amp#27;[1m"ThisIsNotAPassword"&amp#27;[0m&amp#27;[32m and Click Sign In&amp#27;[0m &amp#27;[90m# StepDef.loginCURA.userInputUsernamePasswordAndClickSignIn(java.lang.String,java.lang.String)&amp#27;[0m
Make Appointment

    Embedding Fill The Data [image/png 339749 bytes]

  &amp#27;[32mAnd &amp#27;[0m&amp#27;[32mUser fill the Date &amp#27;[0m&amp#27;[32m&amp#27;[1m"02/02/2024"&amp#27;[0m&amp#27;[32m about Appointment&amp#27;[0m                                &amp#27;[90m# StepDef.loginCURA.userFillTheDateAboutAppointment(java.lang.String)&amp#27;[0m
Appointment Confirmation

Please be informed that your appointment has been booked as following:

Facility

Tokyo CURA Healthcare Center

Apply for hospital readmission

No

Healthcare Program

Medicare

Visit Date

02/02/2024

Comment

Go to Homepage

    Embedding Appointment Confirmation [image/png 452927 bytes]

  &amp#27;[32mThen &amp#27;[0m&amp#27;[32mUser verify Appointment&amp#27;[0m                                                         &amp#27;[90m# StepDef.loginCURA.userVerifyAppointment()&amp#27;[0m

    Embedding Passed Screenshot [image/png 1248134 bytes]

Screenshot diambil untuk skenario sukses: User want to Appointment Success Required Field
]]></system-out>
  </testcase>
  <testcase name="User want to Login CURA" classname="Login CURA Healthcare" time="6.27">
    <system-out><![CDATA[
Scenario: User want to Login CURA                                                      &amp#27;[90m# src/test/resources/Features/loginCURA.feature:3&amp#27;[0m
🚀 Browser: chromium
🖥️ OS: Windows 11 10.0 (amd64)
  &amp#27;[32mGiven &amp#27;[0m&amp#27;[32mUser Open website CURA Healthcare with browser&amp#27;[0m                                 &amp#27;[90m# StepDef.loginCURA.userOpenWebsiteCURAHealthcareWithBrowser()&amp#27;[0m

    Embedding Login Page [image/png 409769 bytes]

  &amp#27;[32mWhen &amp#27;[0m&amp#27;[32mUser input username &amp#27;[0m&amp#27;[32m&amp#27;[1m"John Doe"&amp#27;[0m&amp#27;[32m, password &amp#27;[0m&amp#27;[32m&amp#27;[1m"ThisIsNotAPassword"&amp#27;[0m&amp#27;[32m and Click Sign In&amp#27;[0m &amp#27;[90m# StepDef.loginCURA.userInputUsernamePasswordAndClickSignIn(java.lang.String,java.lang.String)&amp#27;[0m
Make Appointment
  &amp#27;[32mThen &amp#27;[0m&amp#27;[32mUser verify Homepage&amp#27;[0m                                                            &amp#27;[90m# StepDef.loginCURA.userVerifyHomepage()&amp#27;[0m

    Embedding Passed Screenshot [image/png 1247788 bytes]

Screenshot diambil untuk skenario sukses: User want to Login CURA
]]></system-out>
  </testcase>
</testsuite>